#
# There is insufficient memory for the Java Runtime Environment to continue.
# Native memory allocation (malloc) failed to allocate 419600 bytes for Chunk::new
# Possible reasons:
#   The system is out of physical RAM or swap space
#   The process is running with CompressedOops enabled, and the Java Heap may be blocking the growth of the native heap
# Possible solutions:
#   Reduce memory load on the system
#   Increase physical memory or swap space
#   Check if swap backing store is full
#   Decrease Java heap size (-Xmx/-Xms)
#   Decrease number of Java threads
#   Decrease Java thread stack sizes (-Xss)
#   Set larger code cache with -XX:ReservedCodeCacheSize=
#   JVM is running with Zero Based Compressed Oops mode in which the Java heap is
#     placed in the first 32GB address space. The Java Heap base address is the
#     maximum limit for the native heap growth. Please use -XX:HeapBaseMinAddress
#     to set the Java Heap base and to place the Java Heap above 32GB virtual address.
# This output file may be truncated or incomplete.
#
#  Out of Memory Error (arena.cpp:189), pid=248, tid=43492
#
# JRE version: Java(TM) SE Runtime Environment (17.0.12+8) (build 17.0.12+8-LTS-286)
# Java VM: Java HotSpot(TM) 64-Bit Server VM (17.0.12+8-LTS-286, mixed mode, sharing, tiered, compressed oops, compressed class ptrs, g1 gc, windows-amd64)
# No core dump will be written. Minidumps are not enabled by default on client versions of Windows
#

---------------  S U M M A R Y ------------

Command Line: -Dclassworlds.conf=D:\Softwares\Coding\apache-maven-3.9.8\bin\m2.conf -Dmaven.home=D:\Softwares\Coding\apache-maven-3.9.8 -Dlibrary.jansi.path=D:\Softwares\Coding\apache-maven-3.9.8\lib\jansi-native -Dmaven.multiModuleProjectDirectory=d:\Code\zpet\zpet-ms\ms-staff org.codehaus.plexus.classworlds.launcher.Launcher -q help:effective-pom -Doutput=d:\Code\zpet\zpet-ms\ms-staff\effective-pom.xml -f d:/Code/zpet/zpet-ms/ms-staff/pom.xml

Host: AMD Ryzen 7 4800H with Radeon Graphics         , 16 cores, 15G,  Windows 10 , 64 bit Build 19041 (10.0.19041.3636)
Time: Tue Aug 13 00:08:34 2024 SE Asia Standard Time elapsed time: 1.641674 seconds (0d 0h 0m 1s)

---------------  T H R E A D  ---------------

Current thread (0x0000024b0b636c60):  JavaThread "C2 CompilerThread1" daemon [_thread_in_native, id=43492, stack(0x0000006cb6600000,0x0000006cb6700000)]


Current CompileTask:
C2:   1641 1063       4       java.io.InputStreamReader::read (11 bytes)

Stack: [0x0000006cb6600000,0x0000006cb6700000]
Native frames: (J=compiled Java code, j=interpreted, Vv=VM code, C=native code)
V  [jvm.dll+0x67a04a]
V  [jvm.dll+0x7da4ed]
V  [jvm.dll+0x7dbe33]
V  [jvm.dll+0x7dc4a3]
V  [jvm.dll+0x24508f]
V  [jvm.dll+0xab773]
V  [jvm.dll+0xabd3c]
V  [jvm.dll+0x361bee]
V  [jvm.dll+0x1ba45a]
V  [jvm.dll+0x216997]
V  [jvm.dll+0x215c6f]
V  [jvm.dll+0x1a2960]
V  [jvm.dll+0x22610b]
V  [jvm.dll+0x2242ab]
V  [jvm.dll+0x79075c]
V  [jvm.dll+0x78abea]
V  [jvm.dll+0x678f35]
C  [ucrtbase.dll+0x21bb2]
C  [KERNEL32.DLL+0x17344]
C  [ntdll.dll+0x4cc91]


---------------  P R O C E S S  ---------------

Threads class SMR info:
_java_thread_list=0x0000024b0b5bf850, length=16, elements={
0x0000024aa27173f0, 0x0000024ac5acde40, 0x0000024ac5aceac0, 0x0000024ac5ae6770,
0x0000024ac5ae7130, 0x0000024ac5ae7af0, 0x0000024ac5ae84b0, 0x0000024ac5ae99f0,
0x0000024ac5aeb3c0, 0x0000024ac5bf0080, 0x0000024ac5ca5020, 0x0000024ac5d70f40,
0x0000024ac5d75c50, 0x0000024b0b3591c0, 0x0000024b0b387810, 0x0000024b0b636c60
}

Java Threads: ( => current thread )
  0x0000024aa27173f0 JavaThread "main" [_thread_in_Java, id=44328, stack(0x0000006cb5200000,0x0000006cb5300000)]
  0x0000024ac5acde40 JavaThread "Reference Handler" daemon [_thread_blocked, id=42160, stack(0x0000006cb5900000,0x0000006cb5a00000)]
  0x0000024ac5aceac0 JavaThread "Finalizer" daemon [_thread_blocked, id=44012, stack(0x0000006cb5a00000,0x0000006cb5b00000)]
  0x0000024ac5ae6770 JavaThread "Signal Dispatcher" daemon [_thread_blocked, id=42212, stack(0x0000006cb5b00000,0x0000006cb5c00000)]
  0x0000024ac5ae7130 JavaThread "Attach Listener" daemon [_thread_blocked, id=44948, stack(0x0000006cb5c00000,0x0000006cb5d00000)]
  0x0000024ac5ae7af0 JavaThread "Service Thread" daemon [_thread_blocked, id=44780, stack(0x0000006cb5d00000,0x0000006cb5e00000)]
  0x0000024ac5ae84b0 JavaThread "Monitor Deflation Thread" daemon [_thread_blocked, id=43416, stack(0x0000006cb5e00000,0x0000006cb5f00000)]
  0x0000024ac5ae99f0 JavaThread "C2 CompilerThread0" daemon [_thread_in_native, id=40636, stack(0x0000006cb5f00000,0x0000006cb6000000)]
  0x0000024ac5aeb3c0 JavaThread "C1 CompilerThread0" daemon [_thread_blocked, id=29232, stack(0x0000006cb6000000,0x0000006cb6100000)]
  0x0000024ac5bf0080 JavaThread "Sweeper thread" daemon [_thread_blocked, id=44716, stack(0x0000006cb6100000,0x0000006cb6200000)]
  0x0000024ac5ca5020 JavaThread "C1 CompilerThread1" daemon [_thread_blocked, id=44728, stack(0x0000006cb6200000,0x0000006cb6300000)]
  0x0000024ac5d70f40 JavaThread "Notification Thread" daemon [_thread_blocked, id=43528, stack(0x0000006cb6300000,0x0000006cb6400000)]
  0x0000024ac5d75c50 JavaThread "Common-Cleaner" daemon [_thread_blocked, id=27196, stack(0x0000006cb6500000,0x0000006cb6600000)]
  0x0000024b0b3591c0 JavaThread "C1 CompilerThread2" daemon [_thread_blocked, id=41300, stack(0x0000006cb6700000,0x0000006cb6800000)]
  0x0000024b0b387810 JavaThread "C1 CompilerThread3" daemon [_thread_blocked, id=44912, stack(0x0000006cb6800000,0x0000006cb6900000)]
=>0x0000024b0b636c60 JavaThread "C2 CompilerThread1" daemon [_thread_in_native, id=43492, stack(0x0000006cb6600000,0x0000006cb6700000)]

Other Threads:
  0x0000024ac5ac6c70 VMThread "VM Thread" [stack: 0x0000006cb5800000,0x0000006cb5900000] [id=26716]
  0x0000024ac5d74410 WatcherThread [stack: 0x0000006cb6400000,0x0000006cb6500000] [id=40656]
  0x0000024aa2781f90 GCTaskThread "GC Thread#0" [stack: 0x0000006cb5300000,0x0000006cb5400000] [id=43472]
  0x0000024ac5ef5d60 GCTaskThread "GC Thread#1" [stack: 0x0000006cb6900000,0x0000006cb6a00000] [id=21052]
  0x0000024b0b592e80 GCTaskThread "GC Thread#2" [stack: 0x0000006cb6a00000,0x0000006cb6b00000] [id=44368]
  0x0000024b0b593a50 GCTaskThread "GC Thread#3" [stack: 0x0000006cb6b00000,0x0000006cb6c00000] [id=44724]
  0x0000024b0b7aedd0 GCTaskThread "GC Thread#4" [stack: 0x0000006cb6c00000,0x0000006cb6d00000] [id=22024]
  0x0000024b0b6969d0 GCTaskThread "GC Thread#5" [stack: 0x0000006cb6d00000,0x0000006cb6e00000] [id=16652]
  0x0000024b0b615470 GCTaskThread "GC Thread#6" [stack: 0x0000006cb6e00000,0x0000006cb6f00000] [id=20184]
  0x0000024aa27925a0 ConcurrentGCThread "G1 Main Marker" [stack: 0x0000006cb5400000,0x0000006cb5500000] [id=44576]
  0x0000024aa2792fb0 ConcurrentGCThread "G1 Conc#0" [stack: 0x0000006cb5500000,0x0000006cb5600000] [id=41724]
  0x0000024ac5984170 ConcurrentGCThread "G1 Refine#0" [stack: 0x0000006cb5600000,0x0000006cb5700000] [id=44636]
  0x0000024ac5984aa0 ConcurrentGCThread "G1 Service" [stack: 0x0000006cb5700000,0x0000006cb5800000] [id=33104]

Threads with active compile tasks:
C2 CompilerThread0     1661 1100       4       org.codehaus.plexus.util.xml.pull.MXParser::nextImpl (1203 bytes)
C2 CompilerThread1     1661 1063       4       java.io.InputStreamReader::read (11 bytes)

VM state: not at safepoint (normal execution)

VM Mutex/Monitor currently owned by a thread: None

Heap address: 0x0000000709400000, size: 3948 MB, Compressed Oops mode: Zero based, Oop shift amount: 3

CDS archive(s) mapped at: [0x0000024ac6000000-0x0000024ac6bd0000-0x0000024ac6bd0000), size 12386304, SharedBaseAddress: 0x0000024ac6000000, ArchiveRelocationMode: 1.
Compressed class space mapped at: 0x0000024ac7000000-0x0000024b07000000, reserved size: 1073741824
Narrow klass base: 0x0000024ac6000000, Narrow klass shift: 0, Narrow klass range: 0x100000000

GC Precious Log:
 CPUs: 16 total, 16 available
 Memory: 15791M
 Large Page Support: Disabled
 NUMA Support: Disabled
 Compressed Oops: Enabled (Zero based)
 Heap Region Size: 2M
 Heap Min Capacity: 8M
 Heap Initial Capacity: 248M
 Heap Max Capacity: 3948M
 Pre-touch: Disabled
 Parallel Workers: 13
 Concurrent Workers: 3
 Concurrent Refinement Workers: 13
 Periodic GC: Disabled

Heap:
 garbage-first heap   total 253952K, used 5781K [0x0000000709400000, 0x0000000800000000)
  region size 2048K, 4 young (8192K), 2 survivors (4096K)
 Metaspace       used 5492K, committed 5696K, reserved 1114112K
  class space    used 656K, committed 768K, reserved 1048576K

Heap Regions: E=young(eden), S=young(survivor), O=old, HS=humongous(starts), HC=humongous(continues), CS=collection set, F=free, OA=open archive, CA=closed archive, TAMS=top-at-mark-start (previous, next)
|   0|0x0000000709400000, 0x0000000709400000, 0x0000000709600000|  0%| F|  |TAMS 0x0000000709400000, 0x0000000709400000| Untracked 
|   1|0x0000000709600000, 0x0000000709600000, 0x0000000709800000|  0%| F|  |TAMS 0x0000000709600000, 0x0000000709600000| Untracked 
|   2|0x0000000709800000, 0x0000000709800000, 0x0000000709a00000|  0%| F|  |TAMS 0x0000000709800000, 0x0000000709800000| Untracked 
|   3|0x0000000709a00000, 0x0000000709a00000, 0x0000000709c00000|  0%| F|  |TAMS 0x0000000709a00000, 0x0000000709a00000| Untracked 
|   4|0x0000000709c00000, 0x0000000709c00000, 0x0000000709e00000|  0%| F|  |TAMS 0x0000000709c00000, 0x0000000709c00000| Untracked 
|   5|0x0000000709e00000, 0x0000000709e00000, 0x000000070a000000|  0%| F|  |TAMS 0x0000000709e00000, 0x0000000709e00000| Untracked 
|   6|0x000000070a000000, 0x000000070a000000, 0x000000070a200000|  0%| F|  |TAMS 0x000000070a000000, 0x000000070a000000| Untracked 
|   7|0x000000070a200000, 0x000000070a200000, 0x000000070a400000|  0%| F|  |TAMS 0x000000070a200000, 0x000000070a200000| Untracked 
|   8|0x000000070a400000, 0x000000070a400000, 0x000000070a600000|  0%| F|  |TAMS 0x000000070a400000, 0x000000070a400000| Untracked 
|   9|0x000000070a600000, 0x000000070a600000, 0x000000070a800000|  0%| F|  |TAMS 0x000000070a600000, 0x000000070a600000| Untracked 
|  10|0x000000070a800000, 0x000000070a800000, 0x000000070aa00000|  0%| F|  |TAMS 0x000000070a800000, 0x000000070a800000| Untracked 
|  11|0x000000070aa00000, 0x000000070aa00000, 0x000000070ac00000|  0%| F|  |TAMS 0x000000070aa00000, 0x000000070aa00000| Untracked 
|  12|0x000000070ac00000, 0x000000070ac00000, 0x000000070ae00000|  0%| F|  |TAMS 0x000000070ac00000, 0x000000070ac00000| Untracked 
|  13|0x000000070ae00000, 0x000000070ae00000, 0x000000070b000000|  0%| F|  |TAMS 0x000000070ae00000, 0x000000070ae00000| Untracked 
|  14|0x000000070b000000, 0x000000070b000000, 0x000000070b200000|  0%| F|  |TAMS 0x000000070b000000, 0x000000070b000000| Untracked 
|  15|0x000000070b200000, 0x000000070b200000, 0x000000070b400000|  0%| F|  |TAMS 0x000000070b200000, 0x000000070b200000| Untracked 
|  16|0x000000070b400000, 0x000000070b400000, 0x000000070b600000|  0%| F|  |TAMS 0x000000070b400000, 0x000000070b400000| Untracked 
|  17|0x000000070b600000, 0x000000070b600000, 0x000000070b800000|  0%| F|  |TAMS 0x000000070b600000, 0x000000070b600000| Untracked 
|  18|0x000000070b800000, 0x000000070b800000, 0x000000070ba00000|  0%| F|  |TAMS 0x000000070b800000, 0x000000070b800000| Untracked 
|  19|0x000000070ba00000, 0x000000070ba00000, 0x000000070bc00000|  0%| F|  |TAMS 0x000000070ba00000, 0x000000070ba00000| Untracked 
|  20|0x000000070bc00000, 0x000000070bc00000, 0x000000070be00000|  0%| F|  |TAMS 0x000000070bc00000, 0x000000070bc00000| Untracked 
|  21|0x000000070be00000, 0x000000070be00000, 0x000000070c000000|  0%| F|  |TAMS 0x000000070be00000, 0x000000070be00000| Untracked 
|  22|0x000000070c000000, 0x000000070c000000, 0x000000070c200000|  0%| F|  |TAMS 0x000000070c000000, 0x000000070c000000| Untracked 
|  23|0x000000070c200000, 0x000000070c200000, 0x000000070c400000|  0%| F|  |TAMS 0x000000070c200000, 0x000000070c200000| Untracked 
|  24|0x000000070c400000, 0x000000070c400000, 0x000000070c600000|  0%| F|  |TAMS 0x000000070c400000, 0x000000070c400000| Untracked 
|  25|0x000000070c600000, 0x000000070c600000, 0x000000070c800000|  0%| F|  |TAMS 0x000000070c600000, 0x000000070c600000| Untracked 
|  26|0x000000070c800000, 0x000000070c800000, 0x000000070ca00000|  0%| F|  |TAMS 0x000000070c800000, 0x000000070c800000| Untracked 
|  27|0x000000070ca00000, 0x000000070ca00000, 0x000000070cc00000|  0%| F|  |TAMS 0x000000070ca00000, 0x000000070ca00000| Untracked 
|  28|0x000000070cc00000, 0x000000070cc00000, 0x000000070ce00000|  0%| F|  |TAMS 0x000000070cc00000, 0x000000070cc00000| Untracked 
|  29|0x000000070ce00000, 0x000000070ce00000, 0x000000070d000000|  0%| F|  |TAMS 0x000000070ce00000, 0x000000070ce00000| Untracked 
|  30|0x000000070d000000, 0x000000070d000000, 0x000000070d200000|  0%| F|  |TAMS 0x000000070d000000, 0x000000070d000000| Untracked 
|  31|0x000000070d200000, 0x000000070d200000, 0x000000070d400000|  0%| F|  |TAMS 0x000000070d200000, 0x000000070d200000| Untracked 
|  32|0x000000070d400000, 0x000000070d400000, 0x000000070d600000|  0%| F|  |TAMS 0x000000070d400000, 0x000000070d400000| Untracked 
|  33|0x000000070d600000, 0x000000070d600000, 0x000000070d800000|  0%| F|  |TAMS 0x000000070d600000, 0x000000070d600000| Untracked 
|  34|0x000000070d800000, 0x000000070d800000, 0x000000070da00000|  0%| F|  |TAMS 0x000000070d800000, 0x000000070d800000| Untracked 
|  35|0x000000070da00000, 0x000000070da00000, 0x000000070dc00000|  0%| F|  |TAMS 0x000000070da00000, 0x000000070da00000| Untracked 
|  36|0x000000070dc00000, 0x000000070dc00000, 0x000000070de00000|  0%| F|  |TAMS 0x000000070dc00000, 0x000000070dc00000| Untracked 
|  37|0x000000070de00000, 0x000000070de00000, 0x000000070e000000|  0%| F|  |TAMS 0x000000070de00000, 0x000000070de00000| Untracked 
|  38|0x000000070e000000, 0x000000070e000000, 0x000000070e200000|  0%| F|  |TAMS 0x000000070e000000, 0x000000070e000000| Untracked 
|  39|0x000000070e200000, 0x000000070e200000, 0x000000070e400000|  0%| F|  |TAMS 0x000000070e200000, 0x000000070e200000| Untracked 
|  40|0x000000070e400000, 0x000000070e400000, 0x000000070e600000|  0%| F|  |TAMS 0x000000070e400000, 0x000000070e400000| Untracked 
|  41|0x000000070e600000, 0x000000070e600000, 0x000000070e800000|  0%| F|  |TAMS 0x000000070e600000, 0x000000070e600000| Untracked 
|  42|0x000000070e800000, 0x000000070e800000, 0x000000070ea00000|  0%| F|  |TAMS 0x000000070e800000, 0x000000070e800000| Untracked 
|  43|0x000000070ea00000, 0x000000070ea00000, 0x000000070ec00000|  0%| F|  |TAMS 0x000000070ea00000, 0x000000070ea00000| Untracked 
|  44|0x000000070ec00000, 0x000000070ec00000, 0x000000070ee00000|  0%| F|  |TAMS 0x000000070ec00000, 0x000000070ec00000| Untracked 
|  45|0x000000070ee00000, 0x000000070ee00000, 0x000000070f000000|  0%| F|  |TAMS 0x000000070ee00000, 0x000000070ee00000| Untracked 
|  46|0x000000070f000000, 0x000000070f000000, 0x000000070f200000|  0%| F|  |TAMS 0x000000070f000000, 0x000000070f000000| Untracked 
|  47|0x000000070f200000, 0x000000070f200000, 0x000000070f400000|  0%| F|  |TAMS 0x000000070f200000, 0x000000070f200000| Untracked 
|  48|0x000000070f400000, 0x000000070f400000, 0x000000070f600000|  0%| F|  |TAMS 0x000000070f400000, 0x000000070f400000| Untracked 
|  49|0x000000070f600000, 0x000000070f600000, 0x000000070f800000|  0%| F|  |TAMS 0x000000070f600000, 0x000000070f600000| Untracked 
|  50|0x000000070f800000, 0x000000070f800000, 0x000000070fa00000|  0%| F|  |TAMS 0x000000070f800000, 0x000000070f800000| Untracked 
|  51|0x000000070fa00000, 0x000000070fa00000, 0x000000070fc00000|  0%| F|  |TAMS 0x000000070fa00000, 0x000000070fa00000| Untracked 
|  52|0x000000070fc00000, 0x000000070fc00000, 0x000000070fe00000|  0%| F|  |TAMS 0x000000070fc00000, 0x000000070fc00000| Untracked 
|  53|0x000000070fe00000, 0x000000070fe00000, 0x0000000710000000|  0%| F|  |TAMS 0x000000070fe00000, 0x000000070fe00000| Untracked 
|  54|0x0000000710000000, 0x0000000710000000, 0x0000000710200000|  0%| F|  |TAMS 0x0000000710000000, 0x0000000710000000| Untracked 
|  55|0x0000000710200000, 0x0000000710200000, 0x0000000710400000|  0%| F|  |TAMS 0x0000000710200000, 0x0000000710200000| Untracked 
|  56|0x0000000710400000, 0x0000000710400000, 0x0000000710600000|  0%| F|  |TAMS 0x0000000710400000, 0x0000000710400000| Untracked 
|  57|0x0000000710600000, 0x0000000710600000, 0x0000000710800000|  0%| F|  |TAMS 0x0000000710600000, 0x0000000710600000| Untracked 
|  58|0x0000000710800000, 0x0000000710800000, 0x0000000710a00000|  0%| F|  |TAMS 0x0000000710800000, 0x0000000710800000| Untracked 
|  59|0x0000000710a00000, 0x0000000710a00000, 0x0000000710c00000|  0%| F|  |TAMS 0x0000000710a00000, 0x0000000710a00000| Untracked 
|  60|0x0000000710c00000, 0x0000000710c00000, 0x0000000710e00000|  0%| F|  |TAMS 0x0000000710c00000, 0x0000000710c00000| Untracked 
|  61|0x0000000710e00000, 0x0000000710e00000, 0x0000000711000000|  0%| F|  |TAMS 0x0000000710e00000, 0x0000000710e00000| Untracked 
|  62|0x0000000711000000, 0x0000000711000000, 0x0000000711200000|  0%| F|  |TAMS 0x0000000711000000, 0x0000000711000000| Untracked 
|  63|0x0000000711200000, 0x0000000711200000, 0x0000000711400000|  0%| F|  |TAMS 0x0000000711200000, 0x0000000711200000| Untracked 
|  64|0x0000000711400000, 0x0000000711400000, 0x0000000711600000|  0%| F|  |TAMS 0x0000000711400000, 0x0000000711400000| Untracked 
|  65|0x0000000711600000, 0x0000000711600000, 0x0000000711800000|  0%| F|  |TAMS 0x0000000711600000, 0x0000000711600000| Untracked 
|  66|0x0000000711800000, 0x0000000711800000, 0x0000000711a00000|  0%| F|  |TAMS 0x0000000711800000, 0x0000000711800000| Untracked 
|  67|0x0000000711a00000, 0x0000000711a00000, 0x0000000711c00000|  0%| F|  |TAMS 0x0000000711a00000, 0x0000000711a00000| Untracked 
|  68|0x0000000711c00000, 0x0000000711c00000, 0x0000000711e00000|  0%| F|  |TAMS 0x0000000711c00000, 0x0000000711c00000| Untracked 
|  69|0x0000000711e00000, 0x0000000711e00000, 0x0000000712000000|  0%| F|  |TAMS 0x0000000711e00000, 0x0000000711e00000| Untracked 
|  70|0x0000000712000000, 0x0000000712000000, 0x0000000712200000|  0%| F|  |TAMS 0x0000000712000000, 0x0000000712000000| Untracked 
|  71|0x0000000712200000, 0x0000000712200000, 0x0000000712400000|  0%| F|  |TAMS 0x0000000712200000, 0x0000000712200000| Untracked 
|  72|0x0000000712400000, 0x0000000712400000, 0x0000000712600000|  0%| F|  |TAMS 0x0000000712400000, 0x0000000712400000| Untracked 
|  73|0x0000000712600000, 0x0000000712600000, 0x0000000712800000|  0%| F|  |TAMS 0x0000000712600000, 0x0000000712600000| Untracked 
|  74|0x0000000712800000, 0x0000000712800000, 0x0000000712a00000|  0%| F|  |TAMS 0x0000000712800000, 0x0000000712800000| Untracked 
|  75|0x0000000712a00000, 0x0000000712a00000, 0x0000000712c00000|  0%| F|  |TAMS 0x0000000712a00000, 0x0000000712a00000| Untracked 
|  76|0x0000000712c00000, 0x0000000712c00000, 0x0000000712e00000|  0%| F|  |TAMS 0x0000000712c00000, 0x0000000712c00000| Untracked 
|  77|0x0000000712e00000, 0x0000000712e00000, 0x0000000713000000|  0%| F|  |TAMS 0x0000000712e00000, 0x0000000712e00000| Untracked 
|  78|0x0000000713000000, 0x0000000713000000, 0x0000000713200000|  0%| F|  |TAMS 0x0000000713000000, 0x0000000713000000| Untracked 
|  79|0x0000000713200000, 0x0000000713200000, 0x0000000713400000|  0%| F|  |TAMS 0x0000000713200000, 0x0000000713200000| Untracked 
|  80|0x0000000713400000, 0x0000000713400000, 0x0000000713600000|  0%| F|  |TAMS 0x0000000713400000, 0x0000000713400000| Untracked 
|  81|0x0000000713600000, 0x0000000713600000, 0x0000000713800000|  0%| F|  |TAMS 0x0000000713600000, 0x0000000713600000| Untracked 
|  82|0x0000000713800000, 0x0000000713800000, 0x0000000713a00000|  0%| F|  |TAMS 0x0000000713800000, 0x0000000713800000| Untracked 
|  83|0x0000000713a00000, 0x0000000713a00000, 0x0000000713c00000|  0%| F|  |TAMS 0x0000000713a00000, 0x0000000713a00000| Untracked 
|  84|0x0000000713c00000, 0x0000000713c00000, 0x0000000713e00000|  0%| F|  |TAMS 0x0000000713c00000, 0x0000000713c00000| Untracked 
|  85|0x0000000713e00000, 0x0000000713e00000, 0x0000000714000000|  0%| F|  |TAMS 0x0000000713e00000, 0x0000000713e00000| Untracked 
|  86|0x0000000714000000, 0x0000000714000000, 0x0000000714200000|  0%| F|  |TAMS 0x0000000714000000, 0x0000000714000000| Untracked 
|  87|0x0000000714200000, 0x0000000714200000, 0x0000000714400000|  0%| F|  |TAMS 0x0000000714200000, 0x0000000714200000| Untracked 
|  88|0x0000000714400000, 0x0000000714400000, 0x0000000714600000|  0%| F|  |TAMS 0x0000000714400000, 0x0000000714400000| Untracked 
|  89|0x0000000714600000, 0x0000000714600000, 0x0000000714800000|  0%| F|  |TAMS 0x0000000714600000, 0x0000000714600000| Untracked 
|  90|0x0000000714800000, 0x0000000714800000, 0x0000000714a00000|  0%| F|  |TAMS 0x0000000714800000, 0x0000000714800000| Untracked 
|  91|0x0000000714a00000, 0x0000000714a00000, 0x0000000714c00000|  0%| F|  |TAMS 0x0000000714a00000, 0x0000000714a00000| Untracked 
|  92|0x0000000714c00000, 0x0000000714c00000, 0x0000000714e00000|  0%| F|  |TAMS 0x0000000714c00000, 0x0000000714c00000| Untracked 
|  93|0x0000000714e00000, 0x0000000714e00000, 0x0000000715000000|  0%| F|  |TAMS 0x0000000714e00000, 0x0000000714e00000| Untracked 
|  94|0x0000000715000000, 0x0000000715000000, 0x0000000715200000|  0%| F|  |TAMS 0x0000000715000000, 0x0000000715000000| Untracked 
|  95|0x0000000715200000, 0x0000000715200000, 0x0000000715400000|  0%| F|  |TAMS 0x0000000715200000, 0x0000000715200000| Untracked 
|  96|0x0000000715400000, 0x0000000715400000, 0x0000000715600000|  0%| F|  |TAMS 0x0000000715400000, 0x0000000715400000| Untracked 
|  97|0x0000000715600000, 0x0000000715600000, 0x0000000715800000|  0%| F|  |TAMS 0x0000000715600000, 0x0000000715600000| Untracked 
|  98|0x0000000715800000, 0x0000000715800000, 0x0000000715a00000|  0%| F|  |TAMS 0x0000000715800000, 0x0000000715800000| Untracked 
|  99|0x0000000715a00000, 0x0000000715a00000, 0x0000000715c00000|  0%| F|  |TAMS 0x0000000715a00000, 0x0000000715a00000| Untracked 
| 100|0x0000000715c00000, 0x0000000715c00000, 0x0000000715e00000|  0%| F|  |TAMS 0x0000000715c00000, 0x0000000715c00000| Untracked 
| 101|0x0000000715e00000, 0x0000000715e00000, 0x0000000716000000|  0%| F|  |TAMS 0x0000000715e00000, 0x0000000715e00000| Untracked 
| 102|0x0000000716000000, 0x0000000716000000, 0x0000000716200000|  0%| F|  |TAMS 0x0000000716000000, 0x0000000716000000| Untracked 
| 103|0x0000000716200000, 0x0000000716200000, 0x0000000716400000|  0%| F|  |TAMS 0x0000000716200000, 0x0000000716200000| Untracked 
| 104|0x0000000716400000, 0x0000000716400000, 0x0000000716600000|  0%| F|  |TAMS 0x0000000716400000, 0x0000000716400000| Untracked 
| 105|0x0000000716600000, 0x0000000716600000, 0x0000000716800000|  0%| F|  |TAMS 0x0000000716600000, 0x0000000716600000| Untracked 
| 106|0x0000000716800000, 0x0000000716800000, 0x0000000716a00000|  0%| F|  |TAMS 0x0000000716800000, 0x0000000716800000| Untracked 
| 107|0x0000000716a00000, 0x0000000716a00000, 0x0000000716c00000|  0%| F|  |TAMS 0x0000000716a00000, 0x0000000716a00000| Untracked 
| 108|0x0000000716c00000, 0x0000000716c00000, 0x0000000716e00000|  0%| F|  |TAMS 0x0000000716c00000, 0x0000000716c00000| Untracked 
| 109|0x0000000716e00000, 0x0000000716e00000, 0x0000000717000000|  0%| F|  |TAMS 0x0000000716e00000, 0x0000000716e00000| Untracked 
| 110|0x0000000717000000, 0x0000000717000000, 0x0000000717200000|  0%| F|  |TAMS 0x0000000717000000, 0x0000000717000000| Untracked 
| 111|0x0000000717200000, 0x00000007173a5640, 0x0000000717400000| 82%| S|CS|TAMS 0x0000000717200000, 0x0000000717200000| Complete 
| 112|0x0000000717400000, 0x0000000717600000, 0x0000000717600000|100%| S|CS|TAMS 0x0000000717400000, 0x0000000717400000| Complete 
| 113|0x0000000717600000, 0x0000000717600000, 0x0000000717800000|  0%| F|  |TAMS 0x0000000717600000, 0x0000000717600000| Untracked 
| 114|0x0000000717800000, 0x0000000717800000, 0x0000000717a00000|  0%| F|  |TAMS 0x0000000717800000, 0x0000000717800000| Untracked 
| 115|0x0000000717a00000, 0x0000000717a00000, 0x0000000717c00000|  0%| F|  |TAMS 0x0000000717a00000, 0x0000000717a00000| Untracked 
| 116|0x0000000717c00000, 0x0000000717c00000, 0x0000000717e00000|  0%| F|  |TAMS 0x0000000717c00000, 0x0000000717c00000| Untracked 
| 117|0x0000000717e00000, 0x0000000717e00000, 0x0000000718000000|  0%| F|  |TAMS 0x0000000717e00000, 0x0000000717e00000| Untracked 
| 118|0x0000000718000000, 0x0000000718000000, 0x0000000718200000|  0%| F|  |TAMS 0x0000000718000000, 0x0000000718000000| Untracked 
| 119|0x0000000718200000, 0x0000000718200000, 0x0000000718400000|  0%| F|  |TAMS 0x0000000718200000, 0x0000000718200000| Untracked 
| 120|0x0000000718400000, 0x0000000718400000, 0x0000000718600000|  0%| F|  |TAMS 0x0000000718400000, 0x0000000718400000| Untracked 
| 121|0x0000000718600000, 0x0000000718600000, 0x0000000718800000|  0%| F|  |TAMS 0x0000000718600000, 0x0000000718600000| Untracked 
| 122|0x0000000718800000, 0x000000071889a388, 0x0000000718a00000| 30%| E|  |TAMS 0x0000000718800000, 0x0000000718800000| Complete 
| 123|0x0000000718a00000, 0x0000000718c00000, 0x0000000718c00000|100%| E|CS|TAMS 0x0000000718a00000, 0x0000000718a00000| Complete 

Card table byte_map: [0x0000024aba030000,0x0000024aba7f0000] _byte_map_base: 0x0000024ab67e6000

Marking Bits (Prev, Next): (CMBitMap*) 0x0000024aa27825b0, (CMBitMap*) 0x0000024aa27825f0
 Prev Bits: [0x0000024abafb0000, 0x0000024abed60000)
 Next Bits: [0x0000024abed60000, 0x0000024ac2b10000)

Polling page: 0x0000024aa0490000

Metaspace:

Usage:
  Non-class:      4.73 MB used.
      Class:    659.05 KB used.
       Both:      5.37 MB used.

Virtual space:
  Non-class space:       64.00 MB reserved,       4.81 MB (  8%) committed,  1 nodes.
      Class space:        1.00 GB reserved,     768.00 KB ( <1%) committed,  1 nodes.
             Both:        1.06 GB reserved,       5.56 MB ( <1%) committed. 

Chunk freelists:
   Non-Class:  9.22 MB
       Class:  15.28 MB
        Both:  24.50 MB

MaxMetaspaceSize: unlimited
CompressedClassSpaceSize: 1.00 GB
Initial GC threshold: 21.00 MB
Current GC threshold: 21.00 MB
CDS: on
MetaspaceReclaimPolicy: balanced
 - commit_granule_bytes: 65536.
 - commit_granule_words: 8192.
 - virtual_space_node_default_size: 8388608.
 - enlarge_chunks_in_place: 1.
 - new_chunks_are_fully_committed: 0.
 - uncommit_free_chunks: 1.
 - use_allocation_guard: 0.
 - handle_deallocations: 1.


Internal statistics:

num_allocs_failed_limit: 0.
num_arena_births: 40.
num_arena_deaths: 0.
num_vsnodes_births: 2.
num_vsnodes_deaths: 0.
num_space_committed: 89.
num_space_uncommitted: 0.
num_chunks_returned_to_freelist: 0.
num_chunks_taken_from_freelist: 204.
num_chunk_merges: 0.
num_chunk_splits: 125.
num_chunks_enlarged: 105.
num_inconsistent_stats: 0.

CodeHeap 'non-profiled nmethods': size=119168Kb used=331Kb max_used=331Kb free=118836Kb
 bounds [0x0000024ab1b80000, 0x0000024ab1df0000, 0x0000024ab8fe0000]
CodeHeap 'profiled nmethods': size=119104Kb used=2217Kb max_used=2217Kb free=116886Kb
 bounds [0x0000024aa9fe0000, 0x0000024aaa250000, 0x0000024ab1430000]
CodeHeap 'non-nmethods': size=7488Kb used=2839Kb max_used=2863Kb free=4648Kb
 bounds [0x0000024ab1430000, 0x0000024ab1700000, 0x0000024ab1b80000]
 total_blobs=1520 nmethods=1080 adapters=350
 compilation: enabled
              stopped_count=0, restarted_count=0
 full_count=0

Compilation events (20 events):
Event: 1.605 Thread 0x0000024b0b3591c0 nmethod 1072 0x0000024ab1bcdf90 code [0x0000024ab1bce120, 0x0000024ab1bce1f8]
Event: 1.605 Thread 0x0000024b0b387810 nmethod 1071 0x0000024aaa1fab10 code [0x0000024aaa1facc0, 0x0000024aaa1fae68]
Event: 1.606 Thread 0x0000024ac5aeb3c0 nmethod 1068 0x0000024aaa1faf90 code [0x0000024aaa1fba00, 0x0000024aaa2019d8]
Event: 1.606 Thread 0x0000024ac5ca5020 nmethod 1073 0x0000024aaa203e90 code [0x0000024aaa204060, 0x0000024aaa204428]
Event: 1.609 Thread 0x0000024ac5aeb3c0 1083       3       org.codehaus.plexus.util.xml.pull.MXParser::ensureElementsCapacity (265 bytes)
Event: 1.610 Thread 0x0000024ac5aeb3c0 nmethod 1083 0x0000024aaa204590 code [0x0000024aaa204800, 0x0000024aaa205948]
Event: 1.611 Thread 0x0000024ac5aeb3c0 1084       3       java.util.HashMap::isEmpty (13 bytes)
Event: 1.611 Thread 0x0000024b0b387810 1085       3       org.codehaus.plexus.util.xml.pull.MXParser::isWhitespace (114 bytes)
Event: 1.611 Thread 0x0000024ac5aeb3c0 nmethod 1084 0x0000024aaa205c10 code [0x0000024aaa205da0, 0x0000024aaa205f18]
Event: 1.611 Thread 0x0000024b0b387810 nmethod 1085 0x0000024aaa205f90 code [0x0000024aaa2061a0, 0x0000024aaa206a28]
Event: 1.612 Thread 0x0000024b0b3591c0 1086       3       org.codehaus.plexus.util.xml.pull.MXParser::nextTag (82 bytes)
Event: 1.613 Thread 0x0000024b0b3591c0 nmethod 1086 0x0000024aaa206c90 code [0x0000024aaa206f20, 0x0000024aaa207908]
Event: 1.623 Thread 0x0000024ac5aeb3c0 1096       3       org.codehaus.plexus.util.xml.pull.MXParser::nextText (103 bytes)
Event: 1.623 Thread 0x0000024b0b3591c0 1095       3       org.eclipse.sisu.plexus.PlexusXmlScanner::TEXT (10 bytes)
Event: 1.624 Thread 0x0000024b0b3591c0 nmethod 1095 0x0000024aaa207c90 code [0x0000024aaa207e80, 0x0000024aaa208228]
Event: 1.624 Thread 0x0000024ac5aeb3c0 nmethod 1096 0x0000024aaa208410 code [0x0000024aaa2086e0, 0x0000024aaa209308]
Event: 1.628 Thread 0x0000024ac5aeb3c0 1097       3       java.lang.StringBuilder::charAt (6 bytes)
Event: 1.628 Thread 0x0000024b0b3591c0 1098       3       java.lang.AbstractStringBuilder::charAt (36 bytes)
Event: 1.628 Thread 0x0000024ac5aeb3c0 nmethod 1097 0x0000024aaa209790 code [0x0000024aaa209920, 0x0000024aaa209a68]
Event: 1.629 Thread 0x0000024b0b3591c0 nmethod 1098 0x0000024aaa209b10 code [0x0000024aaa209d00, 0x0000024aaa20a158]

GC Heap History (2 events):
Event: 1.630 GC heap before
{Heap before GC invocations=0 (full 0):
 garbage-first heap   total 253952K, used 22528K [0x0000000709400000, 0x0000000800000000)
  region size 2048K, 11 young (22528K), 0 survivors (0K)
 Metaspace       used 5434K, committed 5632K, reserved 1114112K
  class space    used 647K, committed 768K, reserved 1048576K
}
Event: 1.636 GC heap after
{Heap after GC invocations=1 (full 0):
 garbage-first heap   total 253952K, used 3733K [0x0000000709400000, 0x0000000800000000)
  region size 2048K, 2 young (4096K), 2 survivors (4096K)
 Metaspace       used 5434K, committed 5632K, reserved 1114112K
  class space    used 647K, committed 768K, reserved 1048576K
}

Deoptimization events (20 events):
Event: 0.785 Thread 0x0000024aa27173f0 Uncommon trap: trap_request=0xffffff45 fr.pc=0x0000024ab1b90714 relative=0x00000000000003f4
Event: 0.785 Thread 0x0000024aa27173f0 Uncommon trap: reason=unstable_if action=reinterpret pc=0x0000024ab1b90714 method=java.lang.AbstractStringBuilder.isLatin1()Z @ 10 c2
Event: 0.785 Thread 0x0000024aa27173f0 DEOPT PACKING pc=0x0000024ab1b90714 sp=0x0000006cb52fd880
Event: 0.785 Thread 0x0000024aa27173f0 DEOPT UNPACKING pc=0x0000024ab14823a3 sp=0x0000006cb52fd800 mode 2
Event: 0.793 Thread 0x0000024aa27173f0 Uncommon trap: trap_request=0xffffff45 fr.pc=0x0000024ab1b88eb8 relative=0x0000000000000038
Event: 0.793 Thread 0x0000024aa27173f0 Uncommon trap: reason=unstable_if action=reinterpret pc=0x0000024ab1b88eb8 method=java.lang.StringLatin1.canEncode(I)Z @ 4 c2
Event: 0.793 Thread 0x0000024aa27173f0 DEOPT PACKING pc=0x0000024ab1b88eb8 sp=0x0000006cb52fd800
Event: 0.793 Thread 0x0000024aa27173f0 DEOPT UNPACKING pc=0x0000024ab14823a3 sp=0x0000006cb52fd790 mode 2
Event: 0.967 Thread 0x0000024aa27173f0 DEOPT PACKING pc=0x0000024aaa0287a4 sp=0x0000006cb52fca70
Event: 0.967 Thread 0x0000024aa27173f0 DEOPT UNPACKING pc=0x0000024ab1482b43 sp=0x0000006cb52fbf30 mode 0
Event: 1.178 Thread 0x0000024aa27173f0 DEOPT PACKING pc=0x0000024aaa0108be sp=0x0000006cb52faae0
Event: 1.178 Thread 0x0000024aa27173f0 DEOPT UNPACKING pc=0x0000024ab1482b43 sp=0x0000006cb52f9f58 mode 0
Event: 1.582 Thread 0x0000024aa27173f0 Uncommon trap: trap_request=0xffffff6e fr.pc=0x0000024ab1ba7cb8 relative=0x0000000000000418
Event: 1.582 Thread 0x0000024aa27173f0 Uncommon trap: reason=loop_limit_check action=maybe_recompile pc=0x0000024ab1ba7cb8 method=java.lang.StringLatin1.indexOf([BI[BII)I @ 37 c2
Event: 1.582 Thread 0x0000024aa27173f0 DEOPT PACKING pc=0x0000024ab1ba7cb8 sp=0x0000006cb52fd390
Event: 1.582 Thread 0x0000024aa27173f0 DEOPT UNPACKING pc=0x0000024ab14823a3 sp=0x0000006cb52fd2f0 mode 2
Event: 1.599 Thread 0x0000024aa27173f0 Uncommon trap: trap_request=0xffffffde fr.pc=0x0000024ab1bc7ed4 relative=0x00000000000008d4
Event: 1.599 Thread 0x0000024aa27173f0 Uncommon trap: reason=class_check action=maybe_recompile pc=0x0000024ab1bc7ed4 method=java.util.HashMap.putVal(ILjava/lang/Object;Ljava/lang/Object;ZZ)Ljava/lang/Object; @ 91 c2
Event: 1.599 Thread 0x0000024aa27173f0 DEOPT PACKING pc=0x0000024ab1bc7ed4 sp=0x0000006cb52fd840
Event: 1.599 Thread 0x0000024aa27173f0 DEOPT UNPACKING pc=0x0000024ab14823a3 sp=0x0000006cb52fd7d0 mode 2

Classes unloaded (0 events):
No events

Classes redefined (0 events):
No events

Internal exceptions (20 events):
Event: 0.345 Thread 0x0000024aa27173f0 Exception <a 'java/lang/NullPointerException'{0x00000007186e41a8}> (0x00000007186e41a8) 
thrown [s\open\src\hotspot\share\interpreter\linkResolver.cpp, line 1350]
Event: 0.362 Thread 0x0000024aa27173f0 Exception <a 'java/lang/NullPointerException'{0x0000000718703818}> (0x0000000718703818) 
thrown [s\open\src\hotspot\share\interpreter\linkResolver.cpp, line 1350]
Event: 0.363 Thread 0x0000024aa27173f0 Exception <a 'java/lang/NullPointerException'{0x0000000718703af0}> (0x0000000718703af0) 
thrown [s\open\src\hotspot\share\interpreter\linkResolver.cpp, line 1350]
Event: 0.363 Thread 0x0000024aa27173f0 Exception <a 'java/lang/NullPointerException'{0x0000000718703dc8}> (0x0000000718703dc8) 
thrown [s\open\src\hotspot\share\interpreter\linkResolver.cpp, line 1350]
Event: 0.365 Thread 0x0000024aa27173f0 Exception <a 'java/lang/NullPointerException'{0x0000000718709cd8}> (0x0000000718709cd8) 
thrown [s\open\src\hotspot\share\interpreter\linkResolver.cpp, line 1350]
Event: 0.369 Thread 0x0000024aa27173f0 Exception <a 'java/lang/NullPointerException'{0x000000071871fdd8}> (0x000000071871fdd8) 
thrown [s\open\src\hotspot\share\interpreter\linkResolver.cpp, line 1350]
Event: 0.369 Thread 0x0000024aa27173f0 Exception <a 'java/lang/NullPointerException'{0x00000007187200b0}> (0x00000007187200b0) 
thrown [s\open\src\hotspot\share\interpreter\linkResolver.cpp, line 1350]
Event: 0.369 Thread 0x0000024aa27173f0 Exception <a 'java/lang/NullPointerException'{0x0000000718720388}> (0x0000000718720388) 
thrown [s\open\src\hotspot\share\interpreter\linkResolver.cpp, line 1350]
Event: 0.369 Thread 0x0000024aa27173f0 Exception <a 'java/lang/NullPointerException'{0x0000000718720660}> (0x0000000718720660) 
thrown [s\open\src\hotspot\share\interpreter\linkResolver.cpp, line 1350]
Event: 0.412 Thread 0x0000024aa27173f0 Exception <a 'java/lang/NoSuchMethodError'{0x0000000718410b90}: 'void java.lang.invoke.DirectMethodHandle$Holder.invokeStatic(java.lang.Object, java.lang.Object)'> (0x0000000718410b90) 
thrown [s\open\src\hotspot\share\interpreter\linkResolver.cpp, line 759]
Event: 0.414 Thread 0x0000024aa27173f0 Exception <a 'java/lang/NoSuchMethodError'{0x00000007184144a8}: 'void java.lang.invoke.DirectMethodHandle$Holder.invokeStaticInit(java.lang.Object, java.lang.Object)'> (0x00000007184144a8) 
thrown [s\open\src\hotspot\share\interpreter\linkResolver.cpp, line 759]
Event: 0.468 Thread 0x0000024aa27173f0 Exception <a 'java/lang/NoSuchMethodError'{0x00000007184626e8}: 'void java.lang.invoke.DirectMethodHandle$Holder.invokeStatic(java.lang.Object, java.lang.Object, java.lang.Object)'> (0x00000007184626e8) 
thrown [s\open\src\hotspot\share\interpreter\linkResolver.cpp, line 759]
Event: 0.637 Thread 0x0000024aa27173f0 Exception <a 'java/lang/NoSuchMethodError'{0x00000007185eac80}: 'java.lang.Object java.lang.invoke.DirectMethodHandle$Holder.invokeSpecialIFC(java.lang.Object, java.lang.Object, java.lang.Object, java.lang.Object)'> (0x00000007185eac80) 
thrown [s\open\src\hotspot\share\interpreter\linkResolver.cpp, line 759]
Event: 1.249 Thread 0x0000024aa27173f0 Exception <a 'java/lang/NoSuchMethodError'{0x0000000717c806c0}: 'void java.lang.invoke.DirectMethodHandle$Holder.invokeSpecial(java.lang.Object, java.lang.Object, java.lang.Object)'> (0x0000000717c806c0) 
thrown [s\open\src\hotspot\share\interpreter\linkResolver.cpp, line 759]
Event: 1.331 Thread 0x0000024aa27173f0 Exception <a 'java/lang/NoSuchMethodError'{0x0000000717dda968}: 'java.lang.Object java.lang.invoke.DirectMethodHandle$Holder.invokeInterface(java.lang.Object, java.lang.Object)'> (0x0000000717dda968) 
thrown [s\open\src\hotspot\share\interpreter\linkResolver.cpp, line 759]
Event: 1.374 Thread 0x0000024aa27173f0 Exception <a 'java/lang/NoSuchMethodError'{0x0000000717a82c48}: 'java.lang.Object java.lang.invoke.Invokers$Holder.invokeExact_MT(java.lang.Object, java.lang.Object, java.lang.Object, java.lang.Object, java.lang.Object, java.lang.Object)'> (0x0000000717a82c48) 
thrown [s\open\src\hotspot\share\interpreter\linkResolver.cpp, line 759]
Event: 1.381 Thread 0x0000024aa27173f0 Exception <a 'java/lang/NoSuchMethodError'{0x0000000717a94108}: 'int java.lang.invoke.DirectMethodHandle$Holder.invokeSpecialIFC(java.lang.Object, java.lang.Object, java.lang.Object, java.lang.Object, java.lang.Object)'> (0x0000000717a94108) 
thrown [s\open\src\hotspot\share\interpreter\linkResolver.cpp, line 759]
Event: 1.499 Thread 0x0000024aa27173f0 Exception <a 'java/lang/NoSuchMethodError'{0x0000000717832930}: 'java.lang.Object java.lang.invoke.DirectMethodHandle$Holder.newInvokeSpecial(java.lang.Object, java.lang.Object, java.lang.Object, java.lang.Object, java.lang.Object)'> (0x0000000717832930) 
thrown [s\open\src\hotspot\share\interpreter\linkResolver.cpp, line 759]
Event: 1.561 Thread 0x0000024aa27173f0 Exception <a 'java/lang/NoSuchMethodError'{0x00000007179383e0}: 'int java.lang.invoke.DirectMethodHandle$Holder.invokeStaticInit(java.lang.Object, java.lang.Object)'> (0x00000007179383e0) 
thrown [s\open\src\hotspot\share\interpreter\linkResolver.cpp, line 759]
Event: 1.578 Thread 0x0000024aa27173f0 Exception <a 'java/lang/NoClassDefFoundError'{0x0000000717970430}: javax/enterprise/inject/Typed> (0x0000000717970430) 
thrown [s\open\src\hotspot\share\classfile\systemDictionary.cpp, line 245]

VM Operations (12 events):
Event: 0.136 Executing VM operation: HandshakeAllThreads
Event: 0.136 Executing VM operation: HandshakeAllThreads done
Event: 0.343 Executing VM operation: HandshakeAllThreads
Event: 0.343 Executing VM operation: HandshakeAllThreads done
Event: 0.466 Executing VM operation: HandshakeAllThreads
Event: 0.466 Executing VM operation: HandshakeAllThreads done
Event: 0.494 Executing VM operation: HandshakeAllThreads
Event: 0.494 Executing VM operation: HandshakeAllThreads done
Event: 0.689 Executing VM operation: HandshakeAllThreads
Event: 0.689 Executing VM operation: HandshakeAllThreads done
Event: 1.630 Executing VM operation: G1CollectForAllocation
Event: 1.636 Executing VM operation: G1CollectForAllocation done

Events (20 events):
Event: 1.521 loading class sun/misc/Unsafe done
Event: 1.523 loading class jdk/internal/reflect/UnsafeFieldAccessorFactory
Event: 1.523 loading class jdk/internal/reflect/UnsafeFieldAccessorFactory done
Event: 1.523 loading class jdk/internal/reflect/UnsafeQualifiedStaticObjectFieldAccessorImpl
Event: 1.523 loading class jdk/internal/reflect/UnsafeQualifiedStaticFieldAccessorImpl
Event: 1.523 loading class jdk/internal/reflect/UnsafeQualifiedStaticFieldAccessorImpl done
Event: 1.523 loading class jdk/internal/reflect/UnsafeQualifiedStaticObjectFieldAccessorImpl done
Event: 1.536 loading class java/lang/reflect/ParameterizedType
Event: 1.536 loading class java/lang/reflect/ParameterizedType done
Event: 1.542 loading class java/lang/reflect/TypeVariable
Event: 1.543 loading class java/lang/reflect/TypeVariable done
Event: 1.543 loading class java/lang/reflect/WildcardType
Event: 1.543 loading class java/lang/reflect/WildcardType done
Event: 1.549 loading class sun/reflect/generics/tree/TypeVariableSignature
Event: 1.549 loading class sun/reflect/generics/tree/TypeVariableSignature done
Event: 1.577 loading class java/lang/annotation/IncompleteAnnotationException
Event: 1.577 loading class java/lang/annotation/IncompleteAnnotationException done
Event: 1.593 Thread 0x0000024b0b636c60 Thread added: 0x0000024b0b636c60
Event: 1.608 loading class jdk/internal/access/foreign/MemorySegmentProxy
Event: 1.608 loading class jdk/internal/access/foreign/MemorySegmentProxy done


Dynamic libraries:
0x00007ff70f870000 - 0x00007ff70f880000 	C:\Program Files\Java\jdk-17\bin\java.exe
0x00007fff3ead0000 - 0x00007fff3ecc8000 	C:\Windows\SYSTEM32\ntdll.dll
0x00007fff3e7d0000 - 0x00007fff3e88d000 	C:\Windows\System32\KERNEL32.DLL
0x00007fff3c780000 - 0x00007fff3ca76000 	C:\Windows\System32\KERNELBASE.dll
0x00007fff3c500000 - 0x00007fff3c600000 	C:\Windows\System32\ucrtbase.dll
0x00007fff28950000 - 0x00007fff28969000 	C:\Program Files\Java\jdk-17\bin\jli.dll
0x00007fff3e5d0000 - 0x00007fff3e680000 	C:\Windows\System32\ADVAPI32.dll
0x00007fff3e730000 - 0x00007fff3e7ce000 	C:\Windows\System32\msvcrt.dll
0x00007fff3d6a0000 - 0x00007fff3d740000 	C:\Windows\System32\sechost.dll
0x00007fff3d4e0000 - 0x00007fff3d603000 	C:\Windows\System32\RPCRT4.dll
0x00007fff3c600000 - 0x00007fff3c627000 	C:\Windows\System32\bcrypt.dll
0x00007fff3e8f0000 - 0x00007fff3ea8f000 	C:\Windows\System32\USER32.dll
0x00007fff3c4d0000 - 0x00007fff3c4f2000 	C:\Windows\System32\win32u.dll
0x00007fff3e540000 - 0x00007fff3e56b000 	C:\Windows\System32\GDI32.dll
0x00007fff3c3b0000 - 0x00007fff3c4c7000 	C:\Windows\System32\gdi32full.dll
0x00007fff3c6e0000 - 0x00007fff3c77d000 	C:\Windows\System32\msvcp_win.dll
0x00007fff285c0000 - 0x00007fff285db000 	C:\Program Files\Java\jdk-17\bin\VCRUNTIME140.dll
0x00007fff2d550000 - 0x00007fff2d7ea000 	C:\Windows\WinSxS\amd64_microsoft.windows.common-controls_6595b64144ccf1df_6.0.19041.4355_none_60b8b9eb71f62e16\COMCTL32.dll
0x00007fff35db0000 - 0x00007fff35dba000 	C:\Windows\SYSTEM32\VERSION.dll
0x00007fff3da60000 - 0x00007fff3da8f000 	C:\Windows\System32\IMM32.DLL
0x00007fff29db0000 - 0x00007fff29dbc000 	C:\Program Files\Java\jdk-17\bin\vcruntime140_1.dll
0x00007fff04f20000 - 0x00007fff04fae000 	C:\Program Files\Java\jdk-17\bin\msvcp140.dll
0x00007ffec78f0000 - 0x00007ffec84d0000 	C:\Program Files\Java\jdk-17\bin\server\jvm.dll
0x00007fff3cf70000 - 0x00007fff3cf78000 	C:\Windows\System32\PSAPI.DLL
0x00007fff28320000 - 0x00007fff28329000 	C:\Windows\SYSTEM32\WSOCK32.dll
0x00007fff3d9f0000 - 0x00007fff3da5b000 	C:\Windows\System32\WS2_32.dll
0x00007fff32870000 - 0x00007fff32897000 	C:\Windows\SYSTEM32\WINMM.dll
0x00007fff3a9a0000 - 0x00007fff3a9b2000 	C:\Windows\SYSTEM32\kernel.appcore.dll
0x00007fff29d70000 - 0x00007fff29d7a000 	C:\Program Files\Java\jdk-17\bin\jimage.dll
0x00007fff39dd0000 - 0x00007fff39fb4000 	C:\Windows\SYSTEM32\DBGHELP.DLL
0x00007fff35020000 - 0x00007fff35054000 	C:\Windows\SYSTEM32\dbgcore.DLL
0x00007fff3ca80000 - 0x00007fff3cb02000 	C:\Windows\System32\bcryptPrimitives.dll
0x00007fff27e00000 - 0x00007fff27e25000 	C:\Program Files\Java\jdk-17\bin\java.dll
0x00007fff04e30000 - 0x00007fff04f07000 	C:\Program Files\Java\jdk-17\bin\jsvml.dll
0x00007fff3ddd0000 - 0x00007fff3e53c000 	C:\Windows\System32\SHELL32.dll
0x00007fff3a1f0000 - 0x00007fff3a98d000 	C:\Windows\SYSTEM32\windows.storage.dll
0x00007fff3cc10000 - 0x00007fff3cf63000 	C:\Windows\System32\combase.dll
0x00007fff3bae0000 - 0x00007fff3bb0e000 	C:\Windows\SYSTEM32\Wldp.dll
0x00007fff3cb40000 - 0x00007fff3cc0d000 	C:\Windows\System32\OLEAUT32.dll
0x00007fff3e680000 - 0x00007fff3e72d000 	C:\Windows\System32\SHCORE.dll
0x00007fff3e570000 - 0x00007fff3e5c5000 	C:\Windows\System32\shlwapi.dll
0x00007fff3c0c0000 - 0x00007fff3c0e4000 	C:\Windows\SYSTEM32\profapi.dll
0x00007fff285a0000 - 0x00007fff285b9000 	C:\Program Files\Java\jdk-17\bin\net.dll
0x00007fff39220000 - 0x00007fff3932a000 	C:\Windows\SYSTEM32\WINHTTP.dll
0x00007fff3b840000 - 0x00007fff3b8aa000 	C:\Windows\system32\mswsock.dll
0x00007fff27f60000 - 0x00007fff27f76000 	C:\Program Files\Java\jdk-17\bin\nio.dll
0x00007fff27dc0000 - 0x00007fff27dd8000 	C:\Program Files\Java\jdk-17\bin\zip.dll
0x00007fff0abe0000 - 0x00007fff0ac04000 	D:\Softwares\Coding\apache-maven-3.9.8\lib\jansi-native\Windows\x86_64\jansi.dll
0x00007fff27d00000 - 0x00007fff27d10000 	C:\Program Files\Java\jdk-17\bin\verify.dll

dbghelp: loaded successfully - version: 4.0.5 - missing functions: none
symbol engine: initialized successfully - sym options: 0x614 - pdb path: .;C:\Program Files\Java\jdk-17\bin;C:\Windows\SYSTEM32;C:\Windows\WinSxS\amd64_microsoft.windows.common-controls_6595b64144ccf1df_6.0.19041.4355_none_60b8b9eb71f62e16;C:\Program Files\Java\jdk-17\bin\server;D:\Softwares\Coding\apache-maven-3.9.8\lib\jansi-native\Windows\x86_64

VM Arguments:
jvm_args: -Dclassworlds.conf=D:\Softwares\Coding\apache-maven-3.9.8\bin\m2.conf -Dmaven.home=D:\Softwares\Coding\apache-maven-3.9.8 -Dlibrary.jansi.path=D:\Softwares\Coding\apache-maven-3.9.8\lib\jansi-native -Dmaven.multiModuleProjectDirectory=d:\Code\zpet\zpet-ms\ms-staff 
java_command: org.codehaus.plexus.classworlds.launcher.Launcher -q help:effective-pom -Doutput=d:\Code\zpet\zpet-ms\ms-staff\effective-pom.xml -f d:/Code/zpet/zpet-ms/ms-staff/pom.xml
java_class_path (initial): D:\Softwares\Coding\apache-maven-3.9.8\boot\plexus-classworlds-2.8.0.jar
Launcher Type: SUN_STANDARD

[Global flags]
     intx CICompilerCount                          = 12                                        {product} {ergonomic}
     uint ConcGCThreads                            = 3                                         {product} {ergonomic}
     uint G1ConcRefinementThreads                  = 13                                        {product} {ergonomic}
   size_t G1HeapRegionSize                         = 2097152                                   {product} {ergonomic}
    uintx GCDrainStackTargetSize                   = 64                                        {product} {ergonomic}
   size_t InitialHeapSize                          = 260046848                                 {product} {ergonomic}
   size_t MarkStackSize                            = 4194304                                   {product} {ergonomic}
   size_t MaxHeapSize                              = 4139778048                                {product} {ergonomic}
   size_t MaxNewSize                               = 2483027968                                {product} {ergonomic}
   size_t MinHeapDeltaBytes                        = 2097152                                   {product} {ergonomic}
   size_t MinHeapSize                              = 8388608                                   {product} {ergonomic}
    uintx NonNMethodCodeHeapSize                   = 7602480                                {pd product} {ergonomic}
    uintx NonProfiledCodeHeapSize                  = 122027880                              {pd product} {ergonomic}
    uintx ProfiledCodeHeapSize                     = 122027880                              {pd product} {ergonomic}
    uintx ReservedCodeCacheSize                    = 251658240                              {pd product} {ergonomic}
     bool SegmentedCodeCache                       = true                                      {product} {ergonomic}
   size_t SoftMaxHeapSize                          = 4139778048                             {manageable} {ergonomic}
     bool UseCompressedClassPointers               = true                           {product lp64_product} {ergonomic}
     bool UseCompressedOops                        = true                           {product lp64_product} {ergonomic}
     bool UseG1GC                                  = true                                      {product} {ergonomic}
     bool UseLargePagesIndividualAllocation        = false                                  {pd product} {ergonomic}

Logging:
Log output configuration:
 #0: stdout all=warning uptime,level,tags
 #1: stderr all=off uptime,level,tags

Environment Variables:
PATH=C:\Program Files\Common Files\Oracle\Java\javapath;C:\Program Files (x86)\Common Files\Oracle\Java\java8path;C:\Program Files (x86)\Common Files\Oracle\Java\javapath;C:\Windows\system32;C:\Windows;C:\Windows\System32\Wbem;C:\Windows\System32\WindowsPowerShell\v1.0\;C:\Windows\System32\OpenSSH\;C:\Program Files (x86)\NVIDIA Corporation\PhysX\Common;C:\Program Files\NVIDIA Corporation\NVIDIA NvDLISR;C:\Program Files\dotnet\;C:\Program Files\Git\cmd;C:\Users\Admin\AppData\Local\Microsoft\WindowsApps;C:\Users\Admin\AppData\Local\Programs\Microsoft VS Code\bin;D:\Softwares\Coding\apache-maven-3.9.8\bin;
USERNAME=Admin
OS=Windows_NT
PROCESSOR_IDENTIFIER=AMD64 Family 23 Model 96 Stepping 1, AuthenticAMD



---------------  S Y S T E M  ---------------

OS:
 Windows 10 , 64 bit Build 19041 (10.0.19041.3636)
OS uptime: 4 days 16:16 hours

CPU: total 16 (initial active 16) (16 cores per cpu, 2 threads per core) family 23 model 96 stepping 1 microcode 0x0, cx8, cmov, fxsr, ht, mmx, 3dnowpref, sse, sse2, sse3, ssse3, sse4a, sse4.1, sse4.2, popcnt, lzcnt, tsc, tscinvbit, avx, avx2, aes, clmul, bmi1, bmi2, adx, sha, fma, vzeroupper, clflush, clflushopt

Memory: 4k page, system-wide physical 15791M (607M free)
TotalPageFile size 39200M (AvailPageFile size 5M)
current process WorkingSet (physical memory assigned to process): 78M, peak: 79M
current process commit charge ("private bytes"): 363M, peak: 364M

vm_info: Java HotSpot(TM) 64-Bit Server VM (17.0.12+8-LTS-286) for windows-amd64 JRE (17.0.12+8-LTS-286), built on Jun  5 2024 06:46:59 by "mach5one" with MS VC++ 17.6 (VS2022)

END.
